panic: runtime error: slice bounds out of range [:3] with capacity 2 [recovered]
	panic: runtime error: slice bounds out of range [:3] with capacity 2 [recovered]
	panic: runtime error: slice bounds out of range [:3] with capacity 2

goroutine 29 [running]:
github.com/dop251/goja.(*Runtime).RunProgram.func1(0x40003dfb38)
	/data/data/com.termux/files/home/go/src/github.com/dop251/goja/runtime.go:889 +0x98
panic(0x5589bee980, 0x4000314180)
	/data/data/com.termux/files/usr/lib/go/src/runtime/panic.go:679 +0x18c
github.com/dop251/goja.(*vm).try.func1(0x4000340410, 0x0, 0x40003df9e0, 0x0, 0x0, 0x0, 0x40003dfa38)
	/data/data/com.termux/files/home/go/src/github.com/dop251/goja/vm.go:377 +0x2f8
panic(0x5589bee980, 0x4000314180)
	/data/data/com.termux/files/usr/lib/go/src/runtime/panic.go:679 +0x18c
github.com/efjoubert/lnksys/iorw/active.(*activeParser).PassivePrint(0x400008f800, 0x5, 0x7)
	/data/data/com.termux/files/home/go/src/github.com/efjoubert/lnksys/iorw/active/active.go:360 +0x310
reflect.callMethod(0x400036b000, 0x40003df338, 0x40003df310)
	/data/data/com.termux/files/usr/lib/go/src/reflect/value.go:714 +0x18c
reflect.methodValueCall(0x5, 0x7, 0x5589b3cbc0, 0x4000414258, 0x40004143b8, 0x4000414250, 0x1, 0x5587c554c4, 0x40003702a0, 0x400036b000, ...)
	/data/data/com.termux/files/usr/lib/go/src/reflect/asm_arm64.s:35 +0x28
reflect.Value.call(0x5589b52c20, 0x400036b000, 0x13, 0x558812b7ed, 0x4, 0x40006797a0, 0x2, 0x2, 0x1, 0x5587e0f71c, ...)
	/data/data/com.termux/files/usr/lib/go/src/reflect/value.go:460 +0x494
reflect.Value.Call(0x5589b52c20, 0x400036b000, 0x13, 0x40006797a0, 0x2, 0x2, 0x40004143b8, 0x86, 0x0)
	/data/data/com.termux/files/usr/lib/go/src/reflect/value.go:321 +0x7c
github.com/dop251/goja.(*Runtime).wrapReflectFunc.func1(0x5589c6b2e0, 0x4000630fe0, 0x40000ee020, 0x2, 0x1c, 0x400036b000, 0x1213)
	/data/data/com.termux/files/home/go/src/github.com/dop251/goja/runtime.go:1183 +0x618
github.com/dop251/goja.(*vm)._nativeCall(0x4000340410, 0x4000014d10, 0x2)
	/data/data/com.termux/files/home/go/src/github.com/dop251/goja/vm.go:1839 +0x210
github.com/dop251/goja.call.exec(0x4000000002, 0x4000340410)
	/data/data/com.termux/files/home/go/src/github.com/dop251/goja/vm.go:1823 +0x464
github.com/dop251/goja.(*vm).run(0x4000340410)
	/data/data/com.termux/files/home/go/src/github.com/dop251/goja/vm.go:289 +0x94
github.com/dop251/goja.(*vm).try(0x4000340410, 0x4000481a48, 0x0)
	/data/data/com.termux/files/home/go/src/github.com/dop251/goja/vm.go:383 +0xd0
github.com/dop251/goja.(*vm).runTry(0x4000340410, 0x4000481a88)
	/data/data/com.termux/files/home/go/src/github.com/dop251/goja/vm.go:388 +0x3c
github.com/dop251/goja.(*Runtime).RunProgram(0x400031ac00, 0x4000345bc0, 0x0, 0x0, 0x0, 0x0)
	/data/data/com.termux/files/home/go/src/github.com/dop251/goja/runtime.go:900 +0x164
github.com/efjoubert/lnksys/iorw/active.(*activeParser).ACommit.func1(0x400008f800, 0x40003dfd50)
	/data/data/com.termux/files/home/go/src/github.com/efjoubert/lnksys/iorw/active/active.go:210 +0x53c
github.com/efjoubert/lnksys/iorw/active.(*activeParser).ACommit(0x400008f800, 0x0, 0x0)
	/data/data/com.termux/files/home/go/src/github.com/efjoubert/lnksys/iorw/active/active.go:230 +0xf4
github.com/efjoubert/lnksys/iorw/active.(*Active).ACommit(...)
	/data/data/com.termux/files/home/go/src/github.com/efjoubert/lnksys/iorw/active/active.go:422
github.com/efjoubert/lnksys/network.(*Request).ExecuteRequest.func6(0x40000e6400, 0x400041a2d0, 0x0, 0x0)
	/data/data/com.termux/files/home/go/src/github.com/efjoubert/lnksys/network/request.go:275 +0x18c
github.com/efjoubert/lnksys/network.(*Request).ExecuteRequest(0x40000e6400)
	/data/data/com.termux/files/home/go/src/github.com/efjoubert/lnksys/network/request.go:279 +0x3e4
github.com/efjoubert/lnksys/network.ExecuteQueuedRequest.func1(0x40000e6400)
	/data/data/com.termux/files/home/go/src/github.com/efjoubert/lnksys/network/request.go:120 +0x20
created by github.com/efjoubert/lnksys/network.ExecuteQueuedRequest
	/data/data/com.termux/files/home/go/src/github.com/efjoubert/lnksys/network/request.go:119 +0x34
